<?xml version="1.0" encoding="UTF-8"?>
<!-- Generated by org.testng.reporters.JUnitReportReporter -->
<testsuite name="PageFactory.JoinUsTest" tests="1" time="25.896" ignored="0" failures="0" timestamp="09 May 2017 15:59:11 GMT" skipped="0" hostname="LAPTOP-GDVJRS9M" errors="0">
  <testcase name="signUpWithNewEmail" time="25.896" classname="PageFactory.JoinUsTest"/>
</testsuite> <!-- PageFactory.JoinUsTest -->
