<?xml version="1.0" encoding="UTF-8"?>
<!-- Generated by org.testng.reporters.JUnitReportReporter -->
<testsuite name="Test.JoinUsTest" tests="1" time="82.434" ignored="0" failures="0" timestamp="10 May 2017 10:02:30 GMT" skipped="0" hostname="LAPTOP-GDVJRS9M" errors="0">
  <testcase name="a" time="82.434" classname="Test.JoinUsTest"/>
</testsuite> <!-- Test.JoinUsTest -->
